This is XeTeX, Version 3.141592653-2.6-0.999993 (MiKTeX 21.6) (preloaded format=xelatex 2023.5.1)  19 MAY 2023 15:25
entering extended mode
**./_main.tex
(_main.tex
LaTeX2e <2021-06-01> patch level 1
L3 programming layer <2021-06-18> (C:\Program Files\MiKTeX\tex/latex/base\book.
cls
Document Class: book 2021/02/12 v1.4n Standard LaTeX document class
(C:\Program Files\MiKTeX\tex/latex/base\bk10.clo
File: bk10.clo 2021/02/12 v1.4n Standard LaTeX file (size option)
)
\c@part=\count178
\c@chapter=\count179
\c@section=\count180
\c@subsection=\count181
\c@subsubsection=\count182
\c@paragraph=\count183
\c@subparagraph=\count184
\c@figure=\count185
\c@table=\count186
\abovecaptionskip=\skip47
\belowcaptionskip=\skip48
\bibindent=\dimen138
) (C:\Program Files\MiKTeX\tex/latex/amsmath\amsmath.sty
Package: amsmath 2021/04/20 v2.17j AMS math features
\@mathmargin=\skip49
For additional information on amsmath, use the `?' option.
(C:\Program Files\MiKTeX\tex/latex/amsmath\amstext.sty
Package: amstext 2000/06/29 v2.01 AMS text
(C:\Program Files\MiKTeX\tex/latex/amsmath\amsgen.sty
File: amsgen.sty 1999/11/30 v2.0 generic functions
\@emptytoks=\toks16
\ex@=\dimen139
)) (C:\Program Files\MiKTeX\tex/latex/amsmath\amsbsy.sty
Package: amsbsy 1999/11/29 v1.2d Bold Symbols
\pmbraise@=\dimen140
) (C:\Program Files\MiKTeX\tex/latex/amsmath\amsopn.sty
Package: amsopn 2016/03/08 v2.02 operator names
)
\inf@bad=\count187
LaTeX Info: Redefining \frac on input line 234.
\uproot@=\count188
\leftroot@=\count189
LaTeX Info: Redefining \overline on input line 399.
\classnum@=\count190
\DOTSCASE@=\count191
LaTeX Info: Redefining \ldots on input line 496.
LaTeX Info: Redefining \dots on input line 499.
LaTeX Info: Redefining \cdots on input line 620.
\Mathstrutbox@=\box50
\strutbox@=\box51
\big@size=\dimen141
LaTeX Font Info:    Redeclaring font encoding OML on input line 743.
LaTeX Font Info:    Redeclaring font encoding OMS on input line 744.
\macc@depth=\count192
\c@MaxMatrixCols=\count193
\dotsspace@=\muskip16
\c@parentequation=\count194
\dspbrk@lvl=\count195
\tag@help=\toks17
\row@=\count196
\column@=\count197
\maxfields@=\count198
\andhelp@=\toks18
\eqnshift@=\dimen142
\alignsep@=\dimen143
\tagshift@=\dimen144
\tagwidth@=\dimen145
\totwidth@=\dimen146
\lineht@=\dimen147
\@envbody=\toks19
\multlinegap=\skip50
\multlinetaggap=\skip51
\mathdisplay@stack=\toks20
LaTeX Info: Redefining \[ on input line 2923.
LaTeX Info: Redefining \] on input line 2924.
) (C:\Program Files\MiKTeX\tex/latex/amsfonts\amssymb.sty
Package: amssymb 2013/01/14 v3.01 AMS font symbols
(C:\Program Files\MiKTeX\tex/latex/amsfonts\amsfonts.sty
Package: amsfonts 2013/01/14 v3.01 Basic AMSFonts support
\symAMSa=\mathgroup4
\symAMSb=\mathgroup5
LaTeX Font Info:    Redeclaring math symbol \hbar on input line 98.
LaTeX Font Info:    Overwriting math alphabet `\mathfrak' in version `bold'
(Font)                  U/euf/m/n --> U/euf/b/n on input line 106.
)) (C:\Program Files\MiKTeX\tex/latex/lm\lmodern.sty
Package: lmodern 2009/10/30 v1.6 Latin Modern Fonts
LaTeX Font Info:    Overwriting symbol font `operators' in version `normal'
(Font)                  OT1/cmr/m/n --> OT1/lmr/m/n on input line 22.
LaTeX Font Info:    Overwriting symbol font `letters' in version `normal'
(Font)                  OML/cmm/m/it --> OML/lmm/m/it on input line 23.
LaTeX Font Info:    Overwriting symbol font `symbols' in version `normal'
(Font)                  OMS/cmsy/m/n --> OMS/lmsy/m/n on input line 24.
LaTeX Font Info:    Overwriting symbol font `largesymbols' in version `normal'
(Font)                  OMX/cmex/m/n --> OMX/lmex/m/n on input line 25.
LaTeX Font Info:    Overwriting symbol font `operators' in version `bold'
(Font)                  OT1/cmr/bx/n --> OT1/lmr/bx/n on input line 26.
LaTeX Font Info:    Overwriting symbol font `letters' in version `bold'
(Font)                  OML/cmm/b/it --> OML/lmm/b/it on input line 27.
LaTeX Font Info:    Overwriting symbol font `symbols' in version `bold'
(Font)                  OMS/cmsy/b/n --> OMS/lmsy/b/n on input line 28.
LaTeX Font Info:    Overwriting symbol font `largesymbols' in version `bold'
(Font)                  OMX/cmex/m/n --> OMX/lmex/m/n on input line 29.
LaTeX Font Info:    Overwriting math alphabet `\mathbf' in version `normal'
(Font)                  OT1/cmr/bx/n --> OT1/lmr/bx/n on input line 31.
LaTeX Font Info:    Overwriting math alphabet `\mathsf' in version `normal'
(Font)                  OT1/cmss/m/n --> OT1/lmss/m/n on input line 32.
LaTeX Font Info:    Overwriting math alphabet `\mathit' in version `normal'
(Font)                  OT1/cmr/m/it --> OT1/lmr/m/it on input line 33.
LaTeX Font Info:    Overwriting math alphabet `\mathtt' in version `normal'
(Font)                  OT1/cmtt/m/n --> OT1/lmtt/m/n on input line 34.
LaTeX Font Info:    Overwriting math alphabet `\mathbf' in version `bold'
(Font)                  OT1/cmr/bx/n --> OT1/lmr/bx/n on input line 35.
LaTeX Font Info:    Overwriting math alphabet `\mathsf' in version `bold'
(Font)                  OT1/cmss/bx/n --> OT1/lmss/bx/n on input line 36.
LaTeX Font Info:    Overwriting math alphabet `\mathit' in version `bold'
(Font)                  OT1/cmr/bx/it --> OT1/lmr/bx/it on input line 37.
LaTeX Font Info:    Overwriting math alphabet `\mathtt' in version `bold'
(Font)                  OT1/cmtt/m/n --> OT1/lmtt/m/n on input line 38.
) (C:\Program Files\MiKTeX\tex/generic/iftex\iftex.sty
Package: iftex 2020/03/06 v1.0d TeX engine tests
) (C:\Users\Guy\AppData\Roaming\MiKTeX\tex/latex/unicode-math\unicode-math.sty 
(C:\Program Files\MiKTeX\tex/latex/l3kernel\expl3.sty
Package: expl3 2021-06-18 L3 programming layer (loader) 
(C:\Program Files\MiKTeX\tex/latex/l3backend\l3backend-xetex.def
File: l3backend-xetex.def 2021-05-07 L3 backend support: XeTeX
()
\c__kernel_sys_dvipdfmx_version_int=\count199
\l__color_backend_stack_int=\count266
\g__color_backend_stack_int=\count267
\g__graphics_track_int=\count268
\l__pdf_internal_box=\box52
\g__pdf_backend_object_int=\count269
\g__pdf_backend_annotation_int=\count270
\g__pdf_backend_link_int=\count271
))
Package: unicode-math 2020/01/31 v0.8q Unicode maths in XeLaTeX and LuaLaTeX

(C:\Users\Guy\AppData\Roaming\MiKTeX\tex/latex/unicode-math\unicode-math-xetex.
sty
Package: unicode-math-xetex 2020/01/31 v0.8q Unicode maths in XeLaTeX and LuaLa
TeX
(C:\Program Files\MiKTeX\tex/latex/l3packages/xparse\xparse.sty
Package: xparse 2021-06-18 L3 Experimental document command parser
) (C:\Program Files\MiKTeX\tex/latex/l3packages/l3keys2e\l3keys2e.sty
Package: l3keys2e 2021-06-18 LaTeX2e option processing using LaTeX3 keys
) (C:\Program Files\MiKTeX\tex/latex/fontspec\fontspec.sty
Package: fontspec 2020/02/21 v2.7i Font selection for XeLaTeX and LuaLaTeX
(C:\Program Files\MiKTeX\tex/latex/fontspec\fontspec-xetex.sty
Package: fontspec-xetex 2020/02/21 v2.7i Font selection for XeLaTeX and LuaLaTe
X
\l__fontspec_script_int=\count272
\l__fontspec_language_int=\count273
\l__fontspec_strnum_int=\count274
\l__fontspec_tmp_int=\count275
\l__fontspec_tmpa_int=\count276
\l__fontspec_tmpb_int=\count277
\l__fontspec_tmpc_int=\count278
\l__fontspec_em_int=\count279
\l__fontspec_emdef_int=\count280
\l__fontspec_strong_int=\count281
\l__fontspec_strongdef_int=\count282
\l__fontspec_tmpa_dim=\dimen148
\l__fontspec_tmpb_dim=\dimen149
\l__fontspec_tmpc_dim=\dimen150
(C:\Program Files\MiKTeX\tex/latex/base\fontenc.sty
Package: fontenc 2021/04/29 v2.0v Standard LaTeX package
) (C:\Program Files\MiKTeX\tex/latex/fontspec\fontspec.cfg))) (C:\Program Files
\MiKTeX\tex/latex/base\fix-cm.sty
Package: fix-cm 2020/11/24 v1.1t fixes to LaTeX
(C:\Program Files\MiKTeX\tex/latex/base\ts1enc.def
File: ts1enc.def 2001/06/05 v3.0e (jk/car/fm) Standard LaTeX file
LaTeX Font Info:    Redeclaring font encoding TS1 on input line 47.
))
\g__um_fam_int=\count283
\g__um_fonts_used_int=\count284
\l__um_primecount_int=\count285
\g__um_primekern_muskip=\muskip17

(C:\Users\Guy\AppData\Roaming\MiKTeX\tex/latex/unicode-math\unicode-math-table.
tex))) (C:\Users\Guy\AppData\Roaming\MiKTeX\tex/latex/upquote\upquote.sty
Package: upquote 2012/04/19 v1.3 upright-quote and grave-accent glyphs in verba
tim
(C:\Program Files\MiKTeX\tex/latex/base\textcomp.sty
Package: textcomp 2020/02/02 v2.0n Standard LaTeX package
)) (C:\Users\Guy\AppData\Roaming\MiKTeX\tex/latex/microtype\microtype.sty
Package: microtype 2021/03/14 v2.8c Micro-typographical refinements (RS)
(C:\Program Files\MiKTeX\tex/latex/graphics\keyval.sty
Package: keyval 2014/10/28 v1.15 key=value parser (DPC)
\KV@toks@=\toks21
)
\MT@toks=\toks22
\MT@count=\count286
LaTeX Info: Redefining \textls on input line 790.
\MT@outer@kern=\dimen151
LaTeX Info: Redefining \textmicrotypecontext on input line 1374.
\MT@listname@count=\count287
(C:\Users\Guy\AppData\Roaming\MiKTeX\tex/latex/microtype\microtype-xetex.def
File: microtype-xetex.def 2021/03/14 v2.8c Definitions specific to xetex (RS)
LaTeX Info: Redefining \lsstyle on input line 254.
)
Package microtype Info: Loading configuration file microtype.cfg.
(C:\Users\Guy\AppData\Roaming\MiKTeX\tex/latex/microtype\microtype.cfg
File: microtype.cfg 2021/03/14 v2.8c microtype main configuration file (RS)
)) (C:\Users\Guy\AppData\Roaming\MiKTeX\tex/latex/parskip\parskip.sty
Package: parskip 2021-03-14 v2.0h non-zero parskip adjustments
(C:\Users\Guy\AppData\Roaming\MiKTeX\tex/latex/kvoptions\kvoptions.sty
Package: kvoptions 2020-10-07 v3.14 Key value format for package options (HO)
(C:\Users\Guy\AppData\Roaming\MiKTeX\tex/generic/ltxcmds\ltxcmds.sty
Package: ltxcmds 2020-05-10 v1.25 LaTeX kernel commands for general use (HO)
) (C:\Users\Guy\AppData\Roaming\MiKTeX\tex/generic/kvsetkeys\kvsetkeys.sty
Package: kvsetkeys 2019/12/15 v1.18 Key value parser (HO)
)) (C:\Program Files\MiKTeX\tex/latex/etoolbox\etoolbox.sty
Package: etoolbox 2020/10/05 v2.5k e-TeX tools for LaTeX (JAW)
\etb@tempcnta=\count288
)) (C:\Program Files\MiKTeX\tex/latex/xcolor\xcolor.sty
Package: xcolor 2016/05/11 v2.12 LaTeX color extensions (UK)
(C:\Program Files\MiKTeX\tex/latex/graphics-cfg\color.cfg
File: color.cfg 2016/01/02 v1.6 sample color configuration
)
Package xcolor Info: Driver file: xetex.def on input line 225.
(C:\Program Files\MiKTeX\tex/latex/graphics-def\xetex.def
File: xetex.def 2021/03/18 v5.0k Graphics/color driver for xetex
)
Package xcolor Info: Model `cmy' substituted by `cmy0' on input line 1348.
Package xcolor Info: Model `RGB' extended on input line 1364.
Package xcolor Info: Model `HTML' substituted by `rgb' on input line 1366.
Package xcolor Info: Model `Hsb' substituted by `hsb' on input line 1367.
Package xcolor Info: Model `tHsb' substituted by `hsb' on input line 1368.
Package xcolor Info: Model `HSB' substituted by `hsb' on input line 1369.
Package xcolor Info: Model `Gray' substituted by `gray' on input line 1370.
Package xcolor Info: Model `wave' substituted by `hsb' on input line 1371.
) (C:\Users\Guy\AppData\Roaming\MiKTeX\tex/latex/fancyvrb\fancyvrb.sty
Package: fancyvrb 2021/01/20 v3.7 verbatim text (tvz,hv)
\FV@CodeLineNo=\count289
\FV@InFile=\read2
\FV@TabBox=\box53
\c@FancyVerbLine=\count290
\FV@StepNumber=\count291
\FV@OutFile=\write3
) (C:\Users\Guy\AppData\Roaming\MiKTeX\tex/latex/framed\framed.sty
Package: framed 2011/10/22 v 0.96: framed or shaded text with page breaks
\OuterFrameSep=\skip52
\fb@frw=\dimen152
\fb@frh=\dimen153
\FrameRule=\dimen154
\FrameSep=\dimen155
) (C:\Users\Guy\AppData\Roaming\MiKTeX\tex/latex/tools\longtable.sty
Package: longtable 2021-05-07 v4.16 Multi-page Table package (DPC)
\LTleft=\skip53
\LTright=\skip54
\LTpre=\skip55
\LTpost=\skip56
\LTchunksize=\count292
\LTcapwidth=\dimen156
\LT@head=\box54
\LT@firsthead=\box55
\LT@foot=\box56
\LT@lastfoot=\box57
\LT@gbox=\box58
\LT@cols=\count293
\LT@rows=\count294
\c@LT@tables=\count295
\c@LT@chunks=\count296
\LT@p@ftn=\toks23
) (C:\Users\Guy\AppData\Roaming\MiKTeX\tex/latex/booktabs\booktabs.sty
Package: booktabs 2020/01/12 v1.61803398 Publication quality tables
\heavyrulewidth=\dimen157
\lightrulewidth=\dimen158
\cmidrulewidth=\dimen159
\belowrulesep=\dimen160
\belowbottomsep=\dimen161
\aboverulesep=\dimen162
\abovetopsep=\dimen163
\cmidrulesep=\dimen164
\cmidrulekern=\dimen165
\defaultaddspace=\dimen166
\@cmidla=\count297
\@cmidlb=\count298
\@aboverulesep=\dimen167
\@belowrulesep=\dimen168
\@thisruleclass=\count299
\@lastruleclass=\count300
\@thisrulewidth=\dimen169
) (C:\Users\Guy\AppData\Roaming\MiKTeX\tex/latex/tools\array.sty
Package: array 2021/04/20 v2.5e Tabular extension package (FMi)
\col@sep=\dimen170
\ar@mcellbox=\box59
\extrarowheight=\dimen171
\NC@list=\toks24
\extratabsurround=\skip57
\backup@length=\skip58
\ar@cellbox=\box60
) (C:\Users\Guy\AppData\Roaming\MiKTeX\tex/latex/tools\calc.sty
Package: calc 2017/05/25 v4.3 Infix arithmetic (KKT,FJ)
\calc@Acount=\count301
\calc@Bcount=\count302
\calc@Adimen=\dimen172
\calc@Bdimen=\dimen173
\calc@Askip=\skip59
\calc@Bskip=\skip60
LaTeX Info: Redefining \setlength on input line 80.
LaTeX Info: Redefining \addtolength on input line 81.
\calc@Ccount=\count303
\calc@Cskip=\skip61
) (C:\Users\Guy\AppData\Roaming\MiKTeX\tex/latex/footnotehyper\footnotehyper.st
y
Package: footnotehyper 2021/08/13 v1.1e hyperref aware footnote.sty (JFB)
\FNH@notes=\box61
\FNH@width=\dimen174
\FNH@toks=\toks25
) (C:\Program Files\MiKTeX\tex/latex/graphics\graphicx.sty
Package: graphicx 2020/12/05 v1.2c Enhanced LaTeX Graphics (DPC,SPQR)
(C:\Program Files\MiKTeX\tex/latex/graphics\graphics.sty
Package: graphics 2021/03/04 v1.4d Standard LaTeX Graphics (DPC,SPQR)
(C:\Program Files\MiKTeX\tex/latex/graphics\trig.sty
Package: trig 2016/01/03 v1.10 sin cos tan (DPC)
) (C:\Program Files\MiKTeX\tex/latex/graphics-cfg\graphics.cfg
File: graphics.cfg 2016/06/04 v1.11 sample graphics configuration
)
Package graphics Info: Driver file: xetex.def on input line 107.
)
\Gin@req@height=\dimen175
\Gin@req@width=\dimen176
) (C:\Users\Guy\AppData\Roaming\MiKTeX\tex/latex/natbib\natbib.sty
Package: natbib 2010/09/13 8.31b (PWD, AO)
\bibhang=\skip62
\bibsep=\skip63
LaTeX Info: Redefining \cite on input line 694.
\c@NAT@ctr=\count304
) (C:\Users\Guy\AppData\Roaming\MiKTeX\tex/latex/bookmark\bookmark.sty
Package: bookmark 2020-11-06 v1.29 PDF bookmarks (HO)
(C:\Program Files\MiKTeX\tex/latex/hyperref\hyperref.sty
Package: hyperref 2021-06-07 v7.00m Hypertext links for LaTeX
(C:\Program Files\MiKTeX\tex/generic/pdftexcmds\pdftexcmds.sty
Package: pdftexcmds 2020-06-27 v0.33 Utility functions of pdfTeX for LuaTeX (HO
)
(C:\Users\Guy\AppData\Roaming\MiKTeX\tex/generic/infwarerr\infwarerr.sty
Package: infwarerr 2019/12/03 v1.5 Providing info/warning/error messages (HO)
)
Package pdftexcmds Info: \pdf@primitive is available.
Package pdftexcmds Info: \pdf@ifprimitive is available.
Package pdftexcmds Info: \pdfdraftmode not found.
) (C:\Users\Guy\AppData\Roaming\MiKTeX\tex/generic/kvdefinekeys\kvdefinekeys.st
y
Package: kvdefinekeys 2019-12-19 v1.6 Define keys (HO)
) (C:\Users\Guy\AppData\Roaming\MiKTeX\tex/generic/pdfescape\pdfescape.sty
Package: pdfescape 2019/12/09 v1.15 Implements pdfTeX's escape features (HO)
) (C:\Users\Guy\AppData\Roaming\MiKTeX\tex/latex/hycolor\hycolor.sty
Package: hycolor 2020-01-27 v1.10 Color options for hyperref/bookmark (HO)
) (C:\Users\Guy\AppData\Roaming\MiKTeX\tex/latex/letltxmacro\letltxmacro.sty
Package: letltxmacro 2019/12/03 v1.6 Let assignment for LaTeX macros (HO)
) (C:\Users\Guy\AppData\Roaming\MiKTeX\tex/latex/auxhook\auxhook.sty
Package: auxhook 2019-12-17 v1.6 Hooks for auxiliary files (HO)
)
\@linkdim=\dimen177
\Hy@linkcounter=\count305
\Hy@pagecounter=\count306
(C:\Program Files\MiKTeX\tex/latex/hyperref\pd1enc.def
File: pd1enc.def 2021-06-07 v7.00m Hyperref: PDFDocEncoding definition (HO)
) (C:\Program Files\MiKTeX\tex/latex/hyperref\hyperref-langpatches.def
File: hyperref-langpatches.def 2021-06-07 v7.00m Hyperref: patches for babel la
nguages
) (C:\Users\Guy\AppData\Roaming\MiKTeX\tex/generic/intcalc\intcalc.sty
Package: intcalc 2019/12/15 v1.3 Expandable calculations with integers (HO)
) (C:\Users\Guy\AppData\Roaming\MiKTeX\tex/generic/etexcmds\etexcmds.sty
Package: etexcmds 2019/12/15 v1.7 Avoid name clashes with e-TeX commands (HO)
)
\Hy@SavedSpaceFactor=\count307
(C:\Program Files\MiKTeX\tex/latex/hyperref\puenc.def
File: puenc.def 2021-06-07 v7.00m Hyperref: PDF Unicode definition (HO)
)
Package hyperref Info: Option `unicode' set `true' on input line 4073.
Package hyperref Info: Hyper figures OFF on input line 4192.
Package hyperref Info: Link nesting OFF on input line 4197.
Package hyperref Info: Hyper index ON on input line 4200.
Package hyperref Info: Plain pages OFF on input line 4207.
Package hyperref Info: Backreferencing OFF on input line 4212.
Package hyperref Info: Implicit mode ON; LaTeX internals redefined.
Package hyperref Info: Bookmarks ON on input line 4445.
\c@Hy@tempcnt=\count308
(C:\Program Files\MiKTeX\tex/latex/url\url.sty
\Urlmuskip=\muskip18
Package: url 2013/09/16  ver 3.4  Verb mode for urls, etc.
)
LaTeX Info: Redefining \url on input line 4804.
\XeTeXLinkMargin=\dimen178
(C:\Users\Guy\AppData\Roaming\MiKTeX\tex/generic/bitset\bitset.sty
Package: bitset 2019/12/09 v1.3 Handle bit-vector datatype (HO)
(C:\Users\Guy\AppData\Roaming\MiKTeX\tex/generic/bigintcalc\bigintcalc.sty
Package: bigintcalc 2019/12/15 v1.5 Expandable calculations on big integers (HO
)
))
\Fld@menulength=\count309
\Field@Width=\dimen179
\Fld@charsize=\dimen180
Package hyperref Info: Hyper figures OFF on input line 6076.
Package hyperref Info: Link nesting OFF on input line 6081.
Package hyperref Info: Hyper index ON on input line 6084.
Package hyperref Info: backreferencing OFF on input line 6091.
Package hyperref Info: Link coloring OFF on input line 6096.
Package hyperref Info: Link coloring with OCG OFF on input line 6101.
Package hyperref Info: PDF/A mode OFF on input line 6106.
LaTeX Info: Redefining \ref on input line 6146.
LaTeX Info: Redefining \pageref on input line 6150.
(C:\Program Files\MiKTeX\tex/latex/base\atbegshi-ltx.sty
Package: atbegshi-ltx 2021/01/10 v1.0c Emulation of the original atbegshi
package with kernel methods
)
\Hy@abspage=\count310
\c@Item=\count311
\c@Hfootnote=\count312
)
Package hyperref Info: Driver (autodetected): hxetex.
(C:\Program Files\MiKTeX\tex/latex/hyperref\hxetex.def
File: hxetex.def 2021-06-07 v7.00m Hyperref driver for XeTeX
(C:\Users\Guy\AppData\Roaming\MiKTeX\tex/generic/stringenc\stringenc.sty
Package: stringenc 2019/11/29 v1.12 Convert strings between diff. encodings (HO
)
)
\pdfm@box=\box62
\c@Hy@AnnotLevel=\count313
\HyField@AnnotCount=\count314
\Fld@listcount=\count315
\c@bookmark@seq@number=\count316

(C:\Users\Guy\AppData\Roaming\MiKTeX\tex/latex/rerunfilecheck\rerunfilecheck.st
y
Package: rerunfilecheck 2019/12/05 v1.9 Rerun checks for auxiliary files (HO)
(C:\Program Files\MiKTeX\tex/latex/base\atveryend-ltx.sty
Package: atveryend-ltx 2020/08/19 v1.0a Emulation of the original atvery packag
e
with kernel methods
)
(C:\Users\Guy\AppData\Roaming\MiKTeX\tex/generic/uniquecounter\uniquecounter.st
y
Package: uniquecounter 2019/12/15 v1.4 Provide unlimited unique counter (HO)
)
Package uniquecounter Info: New unique counter `rerunfilecheck' on input line 2
86.
)
\Hy@SectionHShift=\skip64
) (C:\Users\Guy\AppData\Roaming\MiKTeX\tex/latex/bookmark\bkm-dvipdfm.def
File: bkm-dvipdfm.def 2020-11-06 v1.29 bookmark driver for dvipdfm (HO)
\BKM@id=\count317
)) (C:\Users\Guy\AppData\Roaming\MiKTeX\tex/latex/xurl\xurl.sty
Package: xurl 2020/12/30 v 0.09a modify URL breaks
)
No file _main.aux.
\openout1 = `_main.aux'.

LaTeX Font Info:    Checking defaults for OML/cmm/m/it on input line 122.
LaTeX Font Info:    ... okay on input line 122.
LaTeX Font Info:    Checking defaults for OMS/cmsy/m/n on input line 122.
LaTeX Font Info:    ... okay on input line 122.
LaTeX Font Info:    Checking defaults for OT1/cmr/m/n on input line 122.
LaTeX Font Info:    ... okay on input line 122.
LaTeX Font Info:    Checking defaults for T1/cmr/m/n on input line 122.
LaTeX Font Info:    ... okay on input line 122.
LaTeX Font Info:    Checking defaults for TS1/cmr/m/n on input line 122.
LaTeX Font Info:    ... okay on input line 122.
LaTeX Font Info:    Checking defaults for TU/lmr/m/n on input line 122.
LaTeX Font Info:    ... okay on input line 122.
LaTeX Font Info:    Checking defaults for OMX/cmex/m/n on input line 122.
LaTeX Font Info:    ... okay on input line 122.
LaTeX Font Info:    Checking defaults for U/cmr/m/n on input line 122.
LaTeX Font Info:    ... okay on input line 122.
LaTeX Font Info:    Checking defaults for PD1/pdf/m/n on input line 122.
LaTeX Font Info:    ... okay on input line 122.
LaTeX Font Info:    Checking defaults for PU/pdf/m/n on input line 122.
LaTeX Font Info:    ... okay on input line 122.
LaTeX Font Info:    Overwriting math alphabet `\mathrm' in version `normal'
(Font)                  OT1/lmr/m/n --> TU/lmr/m/n on input line 122.
LaTeX Font Info:    Overwriting math alphabet `\mathit' in version `normal'
(Font)                  OT1/lmr/m/it --> TU/lmr/m/it on input line 122.
LaTeX Font Info:    Overwriting math alphabet `\mathbf' in version `normal'
(Font)                  OT1/lmr/bx/n --> TU/lmr/bx/n on input line 122.
LaTeX Font Info:    Overwriting math alphabet `\mathsf' in version `normal'
(Font)                  OT1/lmss/m/n --> TU/lmss/m/n on input line 122.
LaTeX Font Info:    Overwriting math alphabet `\mathsf' in version `bold'
(Font)                  OT1/lmss/bx/n --> TU/lmss/bx/n on input line 122.
LaTeX Font Info:    Overwriting math alphabet `\mathtt' in version `normal'
(Font)                  OT1/lmtt/m/n --> TU/lmtt/m/n on input line 122.
LaTeX Font Info:    Overwriting math alphabet `\mathtt' in version `bold'
(Font)                  OT1/lmtt/m/n --> TU/lmtt/bx/n on input line 122.

Package fontspec Info: latinmodern-math scale = 0.9999964596882403.


Package fontspec Info: latinmodern-math scale = 0.9999964596882403.


Package fontspec Info: latinmodern-math scale = 0.9999964596882403.


Package fontspec Info: Font family 'latinmodern-math.otf(0)' created for font
(fontspec)             'latinmodern-math.otf' with options
(fontspec)             [Scale=MatchLowercase,BoldItalicFont={},ItalicFont={},Sm
allCapsFont={},Script=Math,BoldFont={latinmodern-math.otf}].
(fontspec)              
(fontspec)              This font family consists of the following NFSS
(fontspec)             series/shapes:
(fontspec)              
(fontspec)             - 'normal' (m/n) with NFSS spec.:
(fontspec)             <->s*[0.9999964596882403]"[latinmodern-math.otf]/OT:scri
pt=math;language=dflt;"
(fontspec)             - 'small caps'  (m/sc) with NFSS spec.: 
(fontspec)             - 'bold' (b/n) with NFSS spec.:
(fontspec)             <->s*[0.9999964596882403]"[latinmodern-math.otf]/OT:scri
pt=math;language=dflt;"
(fontspec)             - 'bold small caps'  (b/sc) with NFSS spec.: 

LaTeX Font Info:    Font shape `TU/latinmodern-math.otf(0)/m/n' will be
(Font)              scaled to size 10.0pt on input line 122.

Package fontspec Info: latinmodern-math scale = 0.9999964596882403.


Package fontspec Info: latinmodern-math scale = 0.9999964596882403.


Package fontspec Info: latinmodern-math scale = 0.9999964596882403.


Package fontspec Info: latinmodern-math scale = 0.9999964596882403.


Package fontspec Info: latinmodern-math scale = 0.9999964596882403.


Package fontspec Info: Font family 'latinmodern-math.otf(1)' created for font
(fontspec)             'latinmodern-math.otf' with options
(fontspec)             [Scale=MatchLowercase,BoldItalicFont={},ItalicFont={},Sm
allCapsFont={},Script=Math,SizeFeatures={{Size=8.5-},{Size=6-8.5,Font=latinmode
rn-math.otf,Style=MathScript},{Size=-6,Font=latinmodern-math.otf,Style=MathScri
ptScript}},BoldFont={latinmodern-math.otf}].
(fontspec)              
(fontspec)              This font family consists of the following NFSS
(fontspec)             series/shapes:
(fontspec)              
(fontspec)             - 'normal' (m/n) with NFSS spec.:
(fontspec)             <8.5->s*[0.9999964596882403]"[latinmodern-math.otf]/OT:s
cript=math;language=dflt;"<6-8.5>s*[0.9999964596882403]"[latinmodern-math.otf]/
OT:script=math;language=dflt;+ssty=0;"<-6>s*[0.9999964596882403]"[latinmodern-m
ath.otf]/OT:script=math;language=dflt;+ssty=1;"
(fontspec)             - 'small caps'  (m/sc) with NFSS spec.: 
(fontspec)             - 'bold' (b/n) with NFSS spec.:
(fontspec)             <->s*[0.9999964596882403]"[latinmodern-math.otf]/OT:scri
pt=math;language=dflt;"
(fontspec)             - 'bold small caps'  (b/sc) with NFSS spec.: 

LaTeX Font Info:    Font shape `TU/latinmodern-math.otf(1)/m/n' will be
(Font)              scaled to size 10.0pt on input line 122.
LaTeX Font Info:    Encoding `OT1' has changed to `TU' for symbol font
(Font)              `operators' in the math version `normal' on input line 122.

LaTeX Font Info:    Overwriting symbol font `operators' in version `normal'
(Font)                  OT1/lmr/m/n --> TU/latinmodern-math.otf(1)/m/n on input
 line 122.
LaTeX Font Info:    Encoding `OT1' has changed to `TU' for symbol font
(Font)              `operators' in the math version `bold' on input line 122.
LaTeX Font Info:    Overwriting symbol font `operators' in version `bold'
(Font)                  OT1/lmr/bx/n --> TU/latinmodern-math.otf(1)/b/n on inpu
t line 122.

Package fontspec Info: latinmodern-math scale = 0.9999964596882403.


Package fontspec Info: latinmodern-math scale = 1.000096459334209.


Package fontspec Info: latinmodern-math scale = 0.9999964596882403.


Package fontspec Info: latinmodern-math scale = 1.000096459334209.


Package fontspec Info: latinmodern-math scale = 0.9999964596882403.


Package fontspec Info: latinmodern-math scale = 1.000096459334209.


Package fontspec Info: latinmodern-math scale = 0.9999964596882403.


Package fontspec Info: latinmodern-math scale = 1.000096459334209.


Package fontspec Info: latinmodern-math scale = 0.9999964596882403.


Package fontspec Info: latinmodern-math scale = 1.000096459334209.


Package fontspec Info: Font family 'latinmodern-math.otf(2)' created for font
(fontspec)             'latinmodern-math.otf' with options
(fontspec)             [Scale=MatchLowercase,BoldItalicFont={},ItalicFont={},Sm
allCapsFont={},Script=Math,SizeFeatures={{Size=8.5-},{Size=6-8.5,Font=latinmode
rn-math.otf,Style=MathScript},{Size=-6,Font=latinmodern-math.otf,Style=MathScri
ptScript}},BoldFont={latinmodern-math.otf},ScaleAgain=1.0001,FontAdjustment={\f
ontdimen
(fontspec)             8\font =6.77pt\relax \fontdimen 9\font =3.94pt\relax
(fontspec)             \fontdimen 10\font =4.44pt\relax \fontdimen 11\font
(fontspec)             =6.86pt\relax \fontdimen 12\font =3.45pt\relax
(fontspec)             \fontdimen 13\font =3.63pt\relax \fontdimen 14\font
(fontspec)             =3.63pt\relax \fontdimen 15\font =2.89pt\relax
(fontspec)             \fontdimen 16\font =2.47pt\relax \fontdimen 17\font
(fontspec)             =2.47pt\relax \fontdimen 18\font =2.5pt\relax
(fontspec)             \fontdimen 19\font =2.0pt\relax \fontdimen 22\font
(fontspec)             =2.5pt\relax \fontdimen 20\font =0pt\relax \fontdimen
(fontspec)             21\font =0pt\relax }].
(fontspec)              
(fontspec)              This font family consists of the following NFSS
(fontspec)             series/shapes:
(fontspec)              
(fontspec)             - 'normal' (m/n) with NFSS spec.:
(fontspec)             <8.5->s*[1.000096459334209]"[latinmodern-math.otf]/OT:sc
ript=math;language=dflt;"<6-8.5>s*[1.000096459334209]"[latinmodern-math.otf]/OT
:script=math;language=dflt;+ssty=0;"<-6>s*[1.000096459334209]"[latinmodern-math
.otf]/OT:script=math;language=dflt;+ssty=1;"
(fontspec)             - 'small caps'  (m/sc) with NFSS spec.: 
(fontspec)             and font adjustment code:
(fontspec)             \fontdimen 8\font =6.77pt\relax \fontdimen 9\font
(fontspec)             =3.94pt\relax \fontdimen 10\font =4.44pt\relax
(fontspec)             \fontdimen 11\font =6.86pt\relax \fontdimen 12\font
(fontspec)             =3.45pt\relax \fontdimen 13\font =3.63pt\relax
(fontspec)             \fontdimen 14\font =3.63pt\relax \fontdimen 15\font
(fontspec)             =2.89pt\relax \fontdimen 16\font =2.47pt\relax
(fontspec)             \fontdimen 17\font =2.47pt\relax \fontdimen 18\font
(fontspec)             =2.5pt\relax \fontdimen 19\font =2.0pt\relax \fontdimen
(fontspec)             22\font =2.5pt\relax \fontdimen 20\font =0pt\relax
(fontspec)             \fontdimen 21\font =0pt\relax 
(fontspec)             - 'bold' (b/n) with NFSS spec.:
(fontspec)             <->s*[1.000096459334209]"[latinmodern-math.otf]/OT:scrip
t=math;language=dflt;"
(fontspec)             - 'bold small caps'  (b/sc) with NFSS spec.: 
(fontspec)             and font adjustment code:
(fontspec)             \fontdimen 8\font =6.77pt\relax \fontdimen 9\font
(fontspec)             =3.94pt\relax \fontdimen 10\font =4.44pt\relax
(fontspec)             \fontdimen 11\font =6.86pt\relax \fontdimen 12\font
(fontspec)             =3.45pt\relax \fontdimen 13\font =3.63pt\relax
(fontspec)             \fontdimen 14\font =3.63pt\relax \fontdimen 15\font
(fontspec)             =2.89pt\relax \fontdimen 16\font =2.47pt\relax
(fontspec)             \fontdimen 17\font =2.47pt\relax \fontdimen 18\font
(fontspec)             =2.5pt\relax \fontdimen 19\font =2.0pt\relax \fontdimen
(fontspec)             22\font =2.5pt\relax \fontdimen 20\font =0pt\relax
(fontspec)             \fontdimen 21\font =0pt\relax 

LaTeX Font Info:    Encoding `OMS' has changed to `TU' for symbol font
(Font)              `symbols' in the math version `normal' on input line 122.
LaTeX Font Info:    Overwriting symbol font `symbols' in version `normal'
(Font)                  OMS/lmsy/m/n --> TU/latinmodern-math.otf(2)/m/n on inpu
t line 122.
LaTeX Font Info:    Encoding `OMS' has changed to `TU' for symbol font
(Font)              `symbols' in the math version `bold' on input line 122.
LaTeX Font Info:    Overwriting symbol font `symbols' in version `bold'
(Font)                  OMS/lmsy/b/n --> TU/latinmodern-math.otf(2)/b/n on inpu
t line 122.

Package fontspec Info: latinmodern-math scale = 0.9999964596882403.


Package fontspec Info: latinmodern-math scale = 0.9998964600422715.


Package fontspec Info: latinmodern-math scale = 0.9999964596882403.


Package fontspec Info: latinmodern-math scale = 0.9998964600422715.


Package fontspec Info: latinmodern-math scale = 0.9999964596882403.


Package fontspec Info: latinmodern-math scale = 0.9998964600422715.


Package fontspec Info: latinmodern-math scale = 0.9999964596882403.


Package fontspec Info: latinmodern-math scale = 0.9998964600422715.


Package fontspec Info: latinmodern-math scale = 0.9999964596882403.


Package fontspec Info: latinmodern-math scale = 0.9998964600422715.


Package fontspec Info: Font family 'latinmodern-math.otf(3)' created for font
(fontspec)             'latinmodern-math.otf' with options
(fontspec)             [Scale=MatchLowercase,BoldItalicFont={},ItalicFont={},Sm
allCapsFont={},Script=Math,SizeFeatures={{Size=8.5-},{Size=6-8.5,Font=latinmode
rn-math.otf,Style=MathScript},{Size=-6,Font=latinmodern-math.otf,Style=MathScri
ptScript}},BoldFont={latinmodern-math.otf},ScaleAgain=0.9999,FontAdjustment={\f
ontdimen
(fontspec)             8\font =0.4pt\relax \fontdimen 9\font =2.0pt\relax
(fontspec)             \fontdimen 10\font =1.67pt\relax \fontdimen 11\font
(fontspec)             =1.11pt\relax \fontdimen 12\font =6.0pt\relax
(fontspec)             \fontdimen 13\font =0pt\relax }].
(fontspec)              
(fontspec)              This font family consists of the following NFSS
(fontspec)             series/shapes:
(fontspec)              
(fontspec)             - 'normal' (m/n) with NFSS spec.:
(fontspec)             <8.5->s*[0.9998964600422715]"[latinmodern-math.otf]/OT:s
cript=math;language=dflt;"<6-8.5>s*[0.9998964600422715]"[latinmodern-math.otf]/
OT:script=math;language=dflt;+ssty=0;"<-6>s*[0.9998964600422715]"[latinmodern-m
ath.otf]/OT:script=math;language=dflt;+ssty=1;"
(fontspec)             - 'small caps'  (m/sc) with NFSS spec.: 
(fontspec)             and font adjustment code:
(fontspec)             \fontdimen 8\font =0.4pt\relax \fontdimen 9\font
(fontspec)             =2.0pt\relax \fontdimen 10\font =1.67pt\relax
(fontspec)             \fontdimen 11\font =1.11pt\relax \fontdimen 12\font
(fontspec)             =6.0pt\relax \fontdimen 13\font =0pt\relax 
(fontspec)             - 'bold' (b/n) with NFSS spec.:
(fontspec)             <->s*[0.9998964600422715]"[latinmodern-math.otf]/OT:scri
pt=math;language=dflt;"
(fontspec)             - 'bold small caps'  (b/sc) with NFSS spec.: 
(fontspec)             and font adjustment code:
(fontspec)             \fontdimen 8\font =0.4pt\relax \fontdimen 9\font
(fontspec)             =2.0pt\relax \fontdimen 10\font =1.67pt\relax
(fontspec)             \fontdimen 11\font =1.11pt\relax \fontdimen 12\font
(fontspec)             =6.0pt\relax \fontdimen 13\font =0pt\relax 

LaTeX Font Info:    Encoding `OMX' has changed to `TU' for symbol font
(Font)              `largesymbols' in the math version `normal' on input line 1
22.
LaTeX Font Info:    Overwriting symbol font `largesymbols' in version `normal'
(Font)                  OMX/lmex/m/n --> TU/latinmodern-math.otf(3)/m/n on inpu
t line 122.
LaTeX Font Info:    Encoding `OMX' has changed to `TU' for symbol font
(Font)              `largesymbols' in the math version `bold' on input line 122
.
LaTeX Font Info:    Overwriting symbol font `largesymbols' in version `bold'
(Font)                  OMX/lmex/m/n --> TU/latinmodern-math.otf(3)/b/n on inpu
t line 122.
LaTeX Info: Redefining \microtypecontext on input line 122.
Package microtype Info: Character protrusion enabled (level 2).
Package microtype Info: Using protrusion set `basicmath'.
Package microtype Info: No adjustment of tracking.
Package microtype Info: No adjustment of spacing.
Package microtype Info: No adjustment of kerning.

(C:\Users\Guy\AppData\Roaming\MiKTeX\tex/latex/microtype\mt-LatinModernRoman.cf
g
File: mt-LatinModernRoman.cfg 2021/02/21 v1.1 microtype config. file: Latin Mod
ern Roman (RS)
)
Package hyperref Info: Link coloring OFF on input line 122.
(C:\Program Files\MiKTeX\tex/latex/hyperref\nameref.sty
Package: nameref 2021-04-02 v2.47 Cross-referencing by name of section
(C:\Users\Guy\AppData\Roaming\MiKTeX\tex/latex/refcount\refcount.sty
Package: refcount 2019/12/15 v3.6 Data extraction from label references (HO)
)
(C:\Users\Guy\AppData\Roaming\MiKTeX\tex/generic/gettitlestring\gettitlestring.
sty
Package: gettitlestring 2019/12/15 v1.6 Cleanup title references (HO)
)
\c@section@level=\count318
)
LaTeX Info: Redefining \ref on input line 122.
LaTeX Info: Redefining \pageref on input line 122.
LaTeX Info: Redefining \nameref on input line 122.

Package hyperref Warning: Rerun to get /PageLabels entry.

LaTeX Font Info:    Font shape `TU/latinmodern-math.otf(1)/m/n' will be
(Font)              scaled to size 12.0pt on input line 124.
LaTeX Font Info:    Font shape `TU/latinmodern-math.otf(1)/m/n' will be
(Font)              scaled to size 8.0pt on input line 124.
LaTeX Font Info:    Font shape `TU/latinmodern-math.otf(1)/m/n' will be
(Font)              scaled to size 6.0pt on input line 124.
LaTeX Font Info:    Trying to load font information for OML+lmm on input line 1
24.
(C:\Program Files\MiKTeX\tex/latex/lm\omllmm.fd
File: omllmm.fd 2009/10/30 v1.6 Font defs for Latin Modern
)
LaTeX Font Info:    Font shape `TU/latinmodern-math.otf(2)/m/n' will be
(Font)              scaled to size 12.0011pt on input line 124.
LaTeX Font Info:    Font shape `TU/latinmodern-math.otf(2)/m/n' will be
(Font)              scaled to size 8.00073pt on input line 124.
LaTeX Font Info:    Font shape `TU/latinmodern-math.otf(2)/m/n' will be
(Font)              scaled to size 6.00055pt on input line 124.
LaTeX Font Info:    Font shape `TU/latinmodern-math.otf(3)/m/n' will be
(Font)              scaled to size 11.99872pt on input line 124.
LaTeX Font Info:    Font shape `TU/latinmodern-math.otf(3)/m/n' will be
(Font)              scaled to size 7.99915pt on input line 124.
LaTeX Font Info:    Font shape `TU/latinmodern-math.otf(3)/m/n' will be
(Font)              scaled to size 5.99936pt on input line 124.
LaTeX Font Info:    Trying to load font information for U+msa on input line 124
.
(C:\Program Files\MiKTeX\tex/latex/amsfonts\umsa.fd
File: umsa.fd 2013/01/14 v3.01 AMS symbols A
) (C:\Users\Guy\AppData\Roaming\MiKTeX\tex/latex/microtype\mt-msa.cfg
File: mt-msa.cfg 2006/02/04 v1.1 microtype config. file: AMS symbols (a) (RS)
)
LaTeX Font Info:    Trying to load font information for U+msb on input line 124
.
(C:\Program Files\MiKTeX\tex/latex/amsfonts\umsb.fd
File: umsb.fd 2013/01/14 v3.01 AMS symbols B
) (C:\Users\Guy\AppData\Roaming\MiKTeX\tex/latex/microtype\mt-msb.cfg
File: mt-msb.cfg 2005/06/01 v1.0 microtype config. file: AMS symbols (b) (RS)
) [1


] [2

]
\tf@toc=\write4
\openout4 = `_main.toc'.

[3] [4

]
Chapter 1.
[5] [6]
Chapter 2.

Package natbib Warning: Citation `UnitedNations1983' on page 7 undefined on inp
ut line 157.

[7

]

Package natbib Warning: Citation `Lee1966' on page 8 undefined on input line 18
1.


Underfull \vbox (badness 7397) has occurred while \output is active []

[8]
LaTeX Font Info:    Font shape `TU/latinmodern-math.otf(1)/m/n' will be
(Font)              scaled to size 7.0pt on input line 197.
LaTeX Font Info:    Font shape `TU/latinmodern-math.otf(1)/m/n' will be
(Font)              scaled to size 5.0pt on input line 197.
LaTeX Font Info:    Font shape `TU/latinmodern-math.otf(2)/m/n' will be
(Font)              scaled to size 10.00092pt on input line 197.
LaTeX Font Info:    Font shape `TU/latinmodern-math.otf(2)/m/n' will be
(Font)              scaled to size 7.00064pt on input line 197.
LaTeX Font Info:    Font shape `TU/latinmodern-math.otf(2)/m/n' will be
(Font)              scaled to size 5.00046pt on input line 197.
LaTeX Font Info:    Font shape `TU/latinmodern-math.otf(3)/m/n' will be
(Font)              scaled to size 9.99893pt on input line 197.
LaTeX Font Info:    Font shape `TU/latinmodern-math.otf(3)/m/n' will be
(Font)              scaled to size 6.99925pt on input line 197.
LaTeX Font Info:    Font shape `TU/latinmodern-math.otf(3)/m/n' will be
(Font)              scaled to size 4.99947pt on input line 197.

Underfull \vbox (badness 7888) has occurred while \output is active []

[9]

Package natbib Warning: Citation `Courgeau1979' on page 10 undefined on input l
ine 206.


Package natbib Warning: Citation `Rogerson1990' on page 10 undefined on input l
ine 216.

[10] [11]

Package longtable Warning: Column widths have changed
(longtable)                in table 2.1 on input line 253.


Package natbib Warning: Citation `rogers1990rnm' on page 12 undefined on input 
line 255.

[12] [13] [14]
Chapter 3.
[15

] [16] [17] [18]

Package natbib Warning: Citation `Wickham2014' on page 19 undefined on input li
ne 480.

[19] [20]

Package natbib Warning: Citation `UnitedNations1983' on page 21 undefined on in
put line 596.


Overfull \hbox (69.75pt too wide) in paragraph at lines 632--632
[]\TU/lmtt/m/n/10 ## orig           Cairo Alexandria Port-Said Ismailia Kalyubi
a Gharbia Menoufia[] 
 []


Overfull \hbox (69.75pt too wide) in paragraph at lines 632--632
[]\TU/lmtt/m/n/10 ##   Cairo      2079434      31049      5293     9813    2383
7   10034     7038[] 
 []


Overfull \hbox (69.75pt too wide) in paragraph at lines 632--632
[]\TU/lmtt/m/n/10 ##   Alexandria   47220    1085602      2641     2625     213
5    4921     1505[] 
 []


Overfull \hbox (69.75pt too wide) in paragraph at lines 632--632
[]\TU/lmtt/m/n/10 ##   Port-Said     9464       2562    168046     6461      49
6     817      323[] 
 []


Overfull \hbox (69.75pt too wide) in paragraph at lines 632--632
[]\TU/lmtt/m/n/10 ##   Ismailia      9518       1395      3490   171297      71
8     910      306[] 
 []


Overfull \hbox (69.75pt too wide) in paragraph at lines 632--632
[]\TU/lmtt/m/n/10 ##   Kalyubia     90668       4730       758     3182   88646
4    3727     3523[] 
 []


Overfull \hbox (69.75pt too wide) in paragraph at lines 632--632
[]\TU/lmtt/m/n/10 ##   Gharbia      99179      39953      1742     3347     787
0 1604851     6313[] 
 []


Overfull \hbox (69.75pt too wide) in paragraph at lines 632--632
[]\TU/lmtt/m/n/10 ##   Menoufia    216764      46781      1640     3338     291
8   29580  1308283[] 
 []

[21]
Overfull \hbox (69.75pt too wide) in paragraph at lines 632--632
[]\TU/lmtt/m/n/10 ##   Giza         64584       4899       513     2013     288
7    1503     2161[] 
 []


Overfull \hbox (69.75pt too wide) in paragraph at lines 632--632
[]\TU/lmtt/m/n/10 ##   Assyiut     100305      25497      1738     2522      12
2    2245      636[] 
 []


Overfull \hbox (69.75pt too wide) in paragraph at lines 632--632
[]\TU/lmtt/m/n/10 ##   Souhag      100100      63712     12087     9436      29
5    2791     1095[] 
 []


Overfull \hbox (69.75pt too wide) in paragraph at lines 632--632
[]\TU/lmtt/m/n/10 ##   All others  456464     177476     43898    66973    4981
6   47315    12179[] 
 []


Overfull \hbox (22.5pt too wide) in paragraph at lines 652--652
[]\TU/lmtt/m/n/10 ##  [1] "Cairo"      "Alexandria" "Port-Said"  "Ismailia"   "
Kalyubia"[] 
 []


Overfull \hbox (12.0pt too wide) in paragraph at lines 652--652
[]\TU/lmtt/m/n/10 ##  [6] "Gharbia"    "Menoufia"   "Giza"       "Assyiut"    "
Souhag"[] 
 []


Overfull \hbox (22.5pt too wide) in paragraph at lines 652--652
[]\TU/lmtt/m/n/10 ##  [1] "Cairo"      "Alexandria" "Port-Said"  "Ismailia"   "
Kalyubia"[] 
 []


Overfull \hbox (12.0pt too wide) in paragraph at lines 652--652
[]\TU/lmtt/m/n/10 ##  [6] "Gharbia"    "Menoufia"   "Giza"       "Assyiut"    "
Souhag"[] 
 []


Overfull \hbox (69.75pt too wide) in paragraph at lines 681--681
[]\TU/lmtt/m/n/10 ##      Cairo Alexandria  Port-Said   Ismailia   Kalyubia    
Gharbia   Menoufia[] 
 []


Overfull \hbox (69.75pt too wide) in paragraph at lines 681--681
[]\TU/lmtt/m/n/10 ##     "Cair"     "Alxn"     "Pr-S"     "Isml"     "Klyb"    
 "Ghrb"     "Menf"[] 
 []

[22]
Overfull \hbox (69.75pt too wide) in paragraph at lines 681--681
[]\TU/lmtt/m/n/10 ##      Cairo Alexandria  Port-Said   Ismailia   Kalyubia    
Gharbia   Menoufia[] 
 []


Overfull \hbox (69.75pt too wide) in paragraph at lines 681--681
[]\TU/lmtt/m/n/10 ##     "Cair"     "Alxn"     "Pr-S"     "Isml"     "Klyb"    
 "Ghrb"     "Menf"[] 
 []


Overfull \hbox (64.5pt too wide) in paragraph at lines 719--719
[]\TU/lmtt/m/n/10 ## orig      Cair    Alxn   Pr-S   Isml   Klyb    Ghrb    Men
f    Giza    Assy[] 
 []


Overfull \hbox (64.5pt too wide) in paragraph at lines 719--719
[]\TU/lmtt/m/n/10 ##   Cair 2079434   31049   5293   9813  23837   10034    703
8   88543    4951[] 
 []


Overfull \hbox (64.5pt too wide) in paragraph at lines 719--719
[]\TU/lmtt/m/n/10 ##   Alxn   47220 1085602   2641   2625   2135    4921    150
5    6910    1355[] 
 []


Overfull \hbox (64.5pt too wide) in paragraph at lines 719--719
[]\TU/lmtt/m/n/10 ##   Pr-S    9464    2562 168046   6461    496     817     32
3    1505     326[] 
 []


Overfull \hbox (64.5pt too wide) in paragraph at lines 719--719
[]\TU/lmtt/m/n/10 ##   Isml    9518    1395   3490 171297    718     910     30
6    1593     319[] 
 []


Overfull \hbox (64.5pt too wide) in paragraph at lines 719--719
[]\TU/lmtt/m/n/10 ##   Klyb   90668    4730    758   3182 886464    3727    352
3   10279     340[] 
 []


Overfull \hbox (64.5pt too wide) in paragraph at lines 719--719
[]\TU/lmtt/m/n/10 ##   Ghrb   99179   39953   1742   3347   7870 1604851    631
3   14529     848[] 
 []


Overfull \hbox (64.5pt too wide) in paragraph at lines 719--719
[]\TU/lmtt/m/n/10 ##   Menf  216764   46781   1640   3338   2918   29580 130828
3   30915     567[] 
 []


Overfull \hbox (64.5pt too wide) in paragraph at lines 719--719
[]\TU/lmtt/m/n/10 ##   Giza   64584    4899    513   2013   2887    1503    216
1 1040179     540[] 
 []


Overfull \hbox (64.5pt too wide) in paragraph at lines 719--719
[]\TU/lmtt/m/n/10 ##   Assy  100305   25497   1738   2522    122    2245     63
6   13153 1290255[] 
 []


Overfull \hbox (64.5pt too wide) in paragraph at lines 719--719
[]\TU/lmtt/m/n/10 ##   Sohg  100100   63712  12087   9436    295    2791    109
5   17958   11608[] 
 []


Overfull \hbox (64.5pt too wide) in paragraph at lines 719--719
[]\TU/lmtt/m/n/10 ##   Allo  456464  177476  43898  66973  49816   47315   1217
9   94577   14690[] 
 []

[23]
Overfull \hbox (54.0pt too wide) in paragraph at lines 757--757
[]\TU/lmtt/m/n/10 ## orig     Cair   Alxn  Pr-S  Isml  Klyb   Ghrb   Menf   Giz
a   Assy   Sohg[] 
 []


Overfull \hbox (54.0pt too wide) in paragraph at lines 757--757
[]\TU/lmtt/m/n/10 ##   Cair 2079.4   31.0   5.3   9.8  23.8   10.0    7.0   88.
5    5.0    2.6[] 
 []


Overfull \hbox (54.0pt too wide) in paragraph at lines 757--757
[]\TU/lmtt/m/n/10 ##   Alxn   47.2 1085.6   2.6   2.6   2.1    4.9    1.5    6.
9    1.4    1.5[] 
 []


Overfull \hbox (54.0pt too wide) in paragraph at lines 757--757
[]\TU/lmtt/m/n/10 ##   Pr-S    9.5    2.6 168.0   6.5   0.5    0.8    0.3    1.
5    0.3    0.5[] 
 []


Overfull \hbox (54.0pt too wide) in paragraph at lines 757--757
[]\TU/lmtt/m/n/10 ##   Isml    9.5    1.4   3.5 171.3   0.7    0.9    0.3    1.
6    0.3    0.3[] 
 []


Overfull \hbox (54.0pt too wide) in paragraph at lines 757--757
[]\TU/lmtt/m/n/10 ##   Klyb   90.7    4.7   0.8   3.2 886.5    3.7    3.5   10.
3    0.3    0.1[] 
 []


Overfull \hbox (54.0pt too wide) in paragraph at lines 757--757
[]\TU/lmtt/m/n/10 ##   Ghrb   99.2   40.0   1.7   3.3   7.9 1604.9    6.3   14.
5    0.8    0.5[] 
 []


Overfull \hbox (54.0pt too wide) in paragraph at lines 757--757
[]\TU/lmtt/m/n/10 ##   Menf  216.8   46.8   1.6   3.3   2.9   29.6 1308.3   30.
9    0.6    0.4[] 
 []


Overfull \hbox (54.0pt too wide) in paragraph at lines 757--757
[]\TU/lmtt/m/n/10 ##   Giza   64.6    4.9   0.5   2.0   2.9    1.5    2.2 1040.
2    0.5    0.4[] 
 []


Overfull \hbox (54.0pt too wide) in paragraph at lines 757--757
[]\TU/lmtt/m/n/10 ##   Assy  100.3   25.5   1.7   2.5   0.1    2.2    0.6   13.
2 1290.3    6.0[] 
 []


Overfull \hbox (54.0pt too wide) in paragraph at lines 757--757
[]\TU/lmtt/m/n/10 ##   Sohg  100.1   63.7  12.1   9.4   0.3    2.8    1.1   18.
0   11.6 1540.0[] 
 []


Overfull \hbox (54.0pt too wide) in paragraph at lines 757--757
[]\TU/lmtt/m/n/10 ##   Allo  456.5  177.5  43.9  67.0  49.8   47.3   12.2   94.
6   14.7   22.4[] 
 []


Overfull \hbox (59.25pt too wide) in paragraph at lines 783--783
[]\TU/lmtt/m/n/10 ## orig     Cair   Alxn  Pr-S  Isml  Klyb  Ghrb  Menf  Giza  
Assy  Sohg  Allo[] 
 []

[24]
Overfull \hbox (59.25pt too wide) in paragraph at lines 783--783
[]\TU/lmtt/m/n/10 ##   Cair      0  31049  5293  9813 23837 10034  7038 88543  
4951  2569 58476[] 
 []


Overfull \hbox (59.25pt too wide) in paragraph at lines 783--783
[]\TU/lmtt/m/n/10 ##   Alxn  47220      0  2641  2625  2135  4921  1505  6910  
1355  1467 29534[] 
 []


Overfull \hbox (59.25pt too wide) in paragraph at lines 783--783
[]\TU/lmtt/m/n/10 ##   Pr-S   9464   2562     0  6461   496   817   323  1505  
 326   454 11184[] 
 []


Overfull \hbox (59.25pt too wide) in paragraph at lines 783--783
[]\TU/lmtt/m/n/10 ##   Isml   9518   1395  3490     0   718   910   306  1593  
 319   263 10269[] 
 []


Overfull \hbox (59.25pt too wide) in paragraph at lines 783--783
[]\TU/lmtt/m/n/10 ##   Klyb  90668   4730   758  3182     0  3727  3523 10279  
 340   128 18076[] 
 []


Overfull \hbox (59.25pt too wide) in paragraph at lines 783--783
[]\TU/lmtt/m/n/10 ##   Ghrb  99179  39953  1742  3347  7870     0  6313 14529  
 848   491 64140[] 
 []


Overfull \hbox (59.25pt too wide) in paragraph at lines 783--783
[]\TU/lmtt/m/n/10 ##   Menf 216764  46781  1640  3338  2918 29580     0 30915  
 567   401 47843[] 
 []


Overfull \hbox (59.25pt too wide) in paragraph at lines 783--783
[]\TU/lmtt/m/n/10 ##   Giza  64584   4899   513  2013  2887  1503  2161     0  
 540   433 13518[] 
 []


Overfull \hbox (59.25pt too wide) in paragraph at lines 783--783
[]\TU/lmtt/m/n/10 ##   Assy 100305  25497  1738  2522   122  2245   636 13153  
   0  5955 35157[] 
 []


Overfull \hbox (59.25pt too wide) in paragraph at lines 783--783
[]\TU/lmtt/m/n/10 ##   Sohg 100100  63712 12087  9436   295  2791  1095 17958 1
1608     0 53224[] 
 []


Overfull \hbox (59.25pt too wide) in paragraph at lines 783--783
[]\TU/lmtt/m/n/10 ##   Allo 456464 177476 43898 66973 49816 47315 12179 94577 1
4690 22375     0[] 
 []


Overfull \hbox (33.0pt too wide) in paragraph at lines 815--815
[]\TU/lmtt/m/n/10 ##    orig  dest  corridor pair   flow counter_flow net_flow 
interchange[] 
 []


Overfull \hbox (33.0pt too wide) in paragraph at lines 815--815
[]\TU/lmtt/m/n/10 ##    <chr> <chr> <chr>    <chr> <dbl>        <dbl>    <dbl> 
      <dbl>[] 
 []


Overfull \hbox (33.0pt too wide) in paragraph at lines 815--815
[]\TU/lmtt/m/n/10 ##  1 B     A     B -> A   A - B    50          100      -50 
        150[] 
 []


Overfull \hbox (33.0pt too wide) in paragraph at lines 815--815
[]\TU/lmtt/m/n/10 ##  2 C     A     C -> A   A - C    60           30       30 
         90[] 
 []


Overfull \hbox (33.0pt too wide) in paragraph at lines 815--815
[]\TU/lmtt/m/n/10 ##  3 D     A     D -> A   A - D    20           70      -50 
         90[] 
 []


Overfull \hbox (33.0pt too wide) in paragraph at lines 815--815
[]\TU/lmtt/m/n/10 ##  4 A     B     A -> B   A - B   100           50       50 
        150[] 
 []


Overfull \hbox (33.0pt too wide) in paragraph at lines 815--815
[]\TU/lmtt/m/n/10 ##  5 C     B     C -> B   B - C    35           45      -10 
         80[] 
 []


Overfull \hbox (33.0pt too wide) in paragraph at lines 815--815
[]\TU/lmtt/m/n/10 ##  6 D     B     D -> B   B - D    25            5       20 
         30[] 
 []


Overfull \hbox (33.0pt too wide) in paragraph at lines 815--815
[]\TU/lmtt/m/n/10 ##  7 A     C     A -> C   A - C    30           60      -30 
         90[] 
 []


Overfull \hbox (33.0pt too wide) in paragraph at lines 815--815
[]\TU/lmtt/m/n/10 ##  8 B     C     B -> C   B - C    45           35       10 
         80[] 
 []


Overfull \hbox (33.0pt too wide) in paragraph at lines 815--815
[]\TU/lmtt/m/n/10 ##  9 D     C     D -> C   C - D    20           40      -20 
         60[] 
 []


Overfull \hbox (33.0pt too wide) in paragraph at lines 815--815
[]\TU/lmtt/m/n/10 ## 10 A     D     A -> D   A - D    70           20       50 
         90[] 
 []


Overfull \hbox (33.0pt too wide) in paragraph at lines 815--815
[]\TU/lmtt/m/n/10 ## 11 B     D     B -> D   B - D     5           25      -20 
         30[] 
 []


Overfull \hbox (33.0pt too wide) in paragraph at lines 815--815
[]\TU/lmtt/m/n/10 ## 12 C     D     C -> D   C - D    40           20       20 
         60[] 
 []

[25]

Package natbib Warning: Citation `Abel2019' on page 26 undefined on input line 
842.


Overfull \hbox (90.75pt too wide) in paragraph at lines 868--868
[]\TU/lmtt/m/n/10 ##    year0 orig  dest  sd_drop_neg sd_rev_neg mig_rate da_mi
n_open da_mi~1 da_pb~2[] 
 []


Overfull \hbox (90.75pt too wide) in paragraph at lines 868--868
[]\TU/lmtt/m/n/10 ##    <dbl> <chr> <chr>       <dbl>      <dbl>    <dbl>      
 <dbl>   <dbl>   <dbl>[] 
 []


Overfull \hbox (90.75pt too wide) in paragraph at lines 868--868
[]\TU/lmtt/m/n/10 ##  1  1990 BDI   BDI             0          0        0      
     0       0       0[] 
 []


Overfull \hbox (90.75pt too wide) in paragraph at lines 868--868
[]\TU/lmtt/m/n/10 ##  2  1990 COM   BDI             0          0        0      
     0       0       0[] 
 []


Overfull \hbox (90.75pt too wide) in paragraph at lines 868--868
[]\TU/lmtt/m/n/10 ##  3  1990 DJI   BDI             0          0        0      
     0       0       0[] 
 []


Overfull \hbox (90.75pt too wide) in paragraph at lines 868--868
[]\TU/lmtt/m/n/10 ##  4  1990 ERI   BDI             0          0        0      
     0       0      90[] 
 []

[26]
Overfull \hbox (90.75pt too wide) in paragraph at lines 868--868
[]\TU/lmtt/m/n/10 ##  5  1990 ETH   BDI             0          0        0      
     0       0       2[] 
 []


Overfull \hbox (90.75pt too wide) in paragraph at lines 868--868
[]\TU/lmtt/m/n/10 ##  6  1990 KEN   BDI            30         30       69      
    45      29      87[] 
 []


Overfull \hbox (90.75pt too wide) in paragraph at lines 868--868
[]\TU/lmtt/m/n/10 ##  7  1990 MDG   BDI             0          0        0      
     0       0       0[] 
 []


Overfull \hbox (90.75pt too wide) in paragraph at lines 868--868
[]\TU/lmtt/m/n/10 ##  8  1990 MWI   BDI             0          0        0      
     0       0     125[] 
 []


Overfull \hbox (90.75pt too wide) in paragraph at lines 868--868
[]\TU/lmtt/m/n/10 ##  9  1990 MUS   BDI             0          0        0      
     0       1       1[] 
 []


Overfull \hbox (90.75pt too wide) in paragraph at lines 868--868
[]\TU/lmtt/m/n/10 ## 10  1990 MYT   BDI             0          0        0      
     0       0       0[] 
 []


Overfull \hbox (80.25pt too wide) in paragraph at lines 868--868
[]\TU/lmtt/m/n/10 ## # ... with 235,226 more rows, and abbreviated variable nam
es 1: da_min_closed,[] 
 []

[27]
No file _main.bbl.

Package natbib Warning: There were undefined citations.


Package longtable Warning: Table widths have changed. Rerun LaTeX.

[28] (_main.aux)

LaTeX Warning: Label(s) may have changed. Rerun to get cross-references right.

 ) 
Here is how much of TeX's memory you used:
 18427 strings out of 411245
 320005 string characters out of 2832436
 833295 words of memory out of 3000000
 38657 multiletter control sequences out of 15000+600000
 409897 words of font info for 82 fonts, out of 8000000 for 9000
 1348 hyphenation exceptions out of 8191
 87i,6n,120p,1425b,479s stack positions out of 5000i,500n,10000p,200000b,80000s

Output written on _main.pdf (28 pages).
